2024-06-14 07:48:51,468 WARN received SIGTERM indicating exit request
2024-06-14 07:48:51,469 INFO waiting for laravel, laravel-horizon_00, laravel-worker_00, laravel-worker_01, laravel-worker_02, laravel-worker_03, laravel-worker_04, laravel-worker_05, laravel-worker_06, laravel-worker_07 to die
2024-06-14 07:48:52,495 INFO stopped: laravel-worker_00 (exit status 0)
2024-06-14 07:48:52,496 INFO stopped: laravel-worker_01 (exit status 0)
2024-06-14 07:48:52,496 INFO stopped: laravel-worker_02 (exit status 0)
2024-06-14 07:48:52,496 INFO stopped: laravel-worker_03 (exit status 0)
2024-06-14 07:48:52,496 INFO stopped: laravel-worker_04 (exit status 0)
2024-06-14 07:48:52,497 INFO stopped: laravel-worker_05 (exit status 0)
2024-06-14 07:48:52,497 INFO stopped: laravel-worker_06 (exit status 0)
2024-06-14 07:48:52,497 INFO stopped: laravel-worker_07 (exit status 0)
2024-06-14 07:48:54,501 INFO waiting for laravel, laravel-horizon_00 to die
2024-06-14 07:48:55,507 INFO stopped: laravel-horizon_00 (exit status 0)
2024-06-14 07:48:55,511 WARN stopped: laravel (terminated by SIGTERM)
2024-06-14 07:48:57,572 CRIT Supervisor is running as root.  Privileges were not dropped because no user is specified in the config file.  If you intend to run as root, you can set user=root in the config file to avoid this message.
2024-06-14 07:48:57,579 INFO supervisord started with pid 1
2024-06-14 07:48:58,587 INFO spawned: 'laravel' with pid 7
2024-06-14 07:48:58,590 INFO spawned: 'laravel-horizon_00' with pid 8
2024-06-14 07:48:58,595 INFO spawned: 'laravel-worker_00' with pid 9
2024-06-14 07:48:58,600 INFO spawned: 'laravel-worker_01' with pid 10
2024-06-14 07:48:58,605 INFO spawned: 'laravel-worker_02' with pid 11
2024-06-14 07:48:58,609 INFO spawned: 'laravel-worker_03' with pid 12
2024-06-14 07:48:58,618 INFO spawned: 'laravel-worker_04' with pid 13
2024-06-14 07:48:58,622 INFO spawned: 'laravel-worker_05' with pid 14
2024-06-14 07:48:58,626 INFO spawned: 'laravel-worker_06' with pid 15
2024-06-14 07:48:58,631 INFO spawned: 'laravel-worker_07' with pid 16
2024-06-14 07:48:59,644 INFO success: laravel entered RUNNING state, process has stayed up for > than 1 seconds (startsecs)
2024-06-14 07:48:59,645 INFO success: laravel-horizon_00 entered RUNNING state, process has stayed up for > than 1 seconds (startsecs)
2024-06-14 07:48:59,646 INFO success: laravel-worker_00 entered RUNNING state, process has stayed up for > than 1 seconds (startsecs)
2024-06-14 07:48:59,646 INFO success: laravel-worker_01 entered RUNNING state, process has stayed up for > than 1 seconds (startsecs)
2024-06-14 07:48:59,646 INFO success: laravel-worker_02 entered RUNNING state, process has stayed up for > than 1 seconds (startsecs)
2024-06-14 07:48:59,647 INFO success: laravel-worker_03 entered RUNNING state, process has stayed up for > than 1 seconds (startsecs)
2024-06-14 07:48:59,647 INFO success: laravel-worker_04 entered RUNNING state, process has stayed up for > than 1 seconds (startsecs)
2024-06-14 07:48:59,647 INFO success: laravel-worker_05 entered RUNNING state, process has stayed up for > than 1 seconds (startsecs)
2024-06-14 07:48:59,647 INFO success: laravel-worker_06 entered RUNNING state, process has stayed up for > than 1 seconds (startsecs)
2024-06-14 07:48:59,648 INFO success: laravel-worker_07 entered RUNNING state, process has stayed up for > than 1 seconds (startsecs)
2024-06-14 08:02:48,071 WARN received SIGTERM indicating exit request
2024-06-14 08:02:48,072 INFO waiting for laravel, laravel-horizon_00, laravel-worker_00, laravel-worker_01, laravel-worker_02, laravel-worker_03, laravel-worker_04, laravel-worker_05, laravel-worker_06, laravel-worker_07 to die
2024-06-14 08:02:49,097 INFO stopped: laravel-worker_00 (exit status 0)
2024-06-14 08:02:49,098 INFO stopped: laravel-worker_01 (exit status 0)
2024-06-14 08:02:49,098 INFO stopped: laravel-worker_02 (exit status 0)
2024-06-14 08:02:49,099 INFO stopped: laravel-worker_03 (exit status 0)
2024-06-14 08:02:49,099 INFO stopped: laravel-worker_04 (exit status 0)
2024-06-14 08:02:49,099 INFO stopped: laravel-worker_05 (exit status 0)
2024-06-14 08:02:49,100 INFO stopped: laravel-worker_06 (exit status 0)
2024-06-14 08:02:49,100 INFO stopped: laravel-worker_07 (exit status 0)
2024-06-14 08:02:51,104 INFO waiting for laravel, laravel-horizon_00 to die
2024-06-14 08:02:52,110 INFO stopped: laravel-horizon_00 (exit status 0)
2024-06-14 08:02:52,114 WARN stopped: laravel (terminated by SIGTERM)
2024-06-14 08:02:54,549 CRIT Supervisor is running as root.  Privileges were not dropped because no user is specified in the config file.  If you intend to run as root, you can set user=root in the config file to avoid this message.
2024-06-14 08:02:54,554 INFO supervisord started with pid 1
2024-06-14 08:02:55,562 INFO spawned: 'laravel' with pid 7
2024-06-14 08:02:55,576 INFO spawned: 'laravel-horizon_00' with pid 8
2024-06-14 08:02:55,590 INFO spawned: 'laravel-worker_00' with pid 9
2024-06-14 08:02:55,599 INFO spawned: 'laravel-worker_01' with pid 10
2024-06-14 08:02:55,603 INFO spawned: 'laravel-worker_02' with pid 11
2024-06-14 08:02:55,609 INFO spawned: 'laravel-worker_03' with pid 12
2024-06-14 08:02:55,617 INFO spawned: 'laravel-worker_04' with pid 13
2024-06-14 08:02:55,623 INFO spawned: 'laravel-worker_05' with pid 14
2024-06-14 08:02:55,640 INFO spawned: 'laravel-worker_06' with pid 15
2024-06-14 08:02:55,654 INFO spawned: 'laravel-worker_07' with pid 16
2024-06-14 08:02:56,661 INFO success: laravel entered RUNNING state, process has stayed up for > than 1 seconds (startsecs)
2024-06-14 08:02:56,668 INFO success: laravel-horizon_00 entered RUNNING state, process has stayed up for > than 1 seconds (startsecs)
2024-06-14 08:02:56,670 INFO success: laravel-worker_00 entered RUNNING state, process has stayed up for > than 1 seconds (startsecs)
2024-06-14 08:02:56,670 INFO success: laravel-worker_01 entered RUNNING state, process has stayed up for > than 1 seconds (startsecs)
2024-06-14 08:02:56,671 INFO success: laravel-worker_02 entered RUNNING state, process has stayed up for > than 1 seconds (startsecs)
2024-06-14 08:02:56,671 INFO success: laravel-worker_03 entered RUNNING state, process has stayed up for > than 1 seconds (startsecs)
2024-06-14 08:02:56,671 INFO success: laravel-worker_04 entered RUNNING state, process has stayed up for > than 1 seconds (startsecs)
2024-06-14 08:02:56,672 INFO success: laravel-worker_05 entered RUNNING state, process has stayed up for > than 1 seconds (startsecs)
2024-06-14 08:02:56,672 INFO success: laravel-worker_06 entered RUNNING state, process has stayed up for > than 1 seconds (startsecs)
2024-06-14 08:02:56,673 INFO success: laravel-worker_07 entered RUNNING state, process has stayed up for > than 1 seconds (startsecs)
2024-06-14 08:05:48,890 WARN received SIGTERM indicating exit request
2024-06-14 08:05:48,893 INFO waiting for laravel, laravel-horizon_00, laravel-worker_00, laravel-worker_01, laravel-worker_02, laravel-worker_03, laravel-worker_04, laravel-worker_05, laravel-worker_06, laravel-worker_07 to die
2024-06-14 08:05:49,906 INFO stopped: laravel-worker_00 (exit status 0)
2024-06-14 08:05:49,907 INFO stopped: laravel-worker_01 (exit status 0)
2024-06-14 08:05:49,907 INFO stopped: laravel-worker_02 (exit status 0)
2024-06-14 08:05:49,908 INFO stopped: laravel-worker_03 (exit status 0)
2024-06-14 08:05:49,908 INFO stopped: laravel-worker_04 (exit status 0)
2024-06-14 08:05:49,908 INFO stopped: laravel-worker_05 (exit status 0)
2024-06-14 08:05:49,908 INFO stopped: laravel-worker_06 (exit status 0)
2024-06-14 08:05:49,909 INFO stopped: laravel-worker_07 (exit status 0)
2024-06-14 08:05:51,913 INFO waiting for laravel, laravel-horizon_00 to die
2024-06-14 08:05:54,917 INFO waiting for laravel, laravel-horizon_00 to die
2024-06-14 08:05:57,941 INFO waiting for laravel, laravel-horizon_00 to die
2024-06-14 08:06:11,064 CRIT Supervisor is running as root.  Privileges were not dropped because no user is specified in the config file.  If you intend to run as root, you can set user=root in the config file to avoid this message.
2024-06-14 08:06:11,071 INFO supervisord started with pid 1
2024-06-14 08:06:12,082 INFO spawned: 'laravel' with pid 7
2024-06-14 08:06:12,086 INFO spawned: 'laravel-horizon_00' with pid 8
2024-06-14 08:06:12,089 INFO spawned: 'laravel-worker_00' with pid 9
2024-06-14 08:06:12,092 INFO spawned: 'laravel-worker_01' with pid 10
2024-06-14 08:06:12,094 INFO spawned: 'laravel-worker_02' with pid 11
2024-06-14 08:06:12,098 INFO spawned: 'laravel-worker_03' with pid 12
2024-06-14 08:06:12,104 INFO spawned: 'laravel-worker_04' with pid 13
2024-06-14 08:06:12,122 INFO spawned: 'laravel-worker_05' with pid 14
2024-06-14 08:06:12,138 INFO spawned: 'laravel-worker_06' with pid 15
2024-06-14 08:06:12,141 INFO spawned: 'laravel-worker_07' with pid 16
2024-06-14 08:06:13,766 INFO success: laravel entered RUNNING state, process has stayed up for > than 1 seconds (startsecs)
2024-06-14 08:06:13,767 INFO success: laravel-horizon_00 entered RUNNING state, process has stayed up for > than 1 seconds (startsecs)
2024-06-14 08:06:13,768 INFO success: laravel-worker_00 entered RUNNING state, process has stayed up for > than 1 seconds (startsecs)
2024-06-14 08:06:13,768 INFO success: laravel-worker_01 entered RUNNING state, process has stayed up for > than 1 seconds (startsecs)
2024-06-14 08:06:13,769 INFO success: laravel-worker_02 entered RUNNING state, process has stayed up for > than 1 seconds (startsecs)
2024-06-14 08:06:13,769 INFO success: laravel-worker_03 entered RUNNING state, process has stayed up for > than 1 seconds (startsecs)
2024-06-14 08:06:13,770 INFO success: laravel-worker_04 entered RUNNING state, process has stayed up for > than 1 seconds (startsecs)
2024-06-14 08:06:13,770 INFO success: laravel-worker_05 entered RUNNING state, process has stayed up for > than 1 seconds (startsecs)
2024-06-14 08:06:13,770 INFO success: laravel-worker_06 entered RUNNING state, process has stayed up for > than 1 seconds (startsecs)
2024-06-14 08:06:13,771 INFO success: laravel-worker_07 entered RUNNING state, process has stayed up for > than 1 seconds (startsecs)
2024-06-14 08:14:10,410 WARN received SIGTERM indicating exit request
2024-06-14 08:14:10,411 INFO waiting for laravel, laravel-horizon_00, laravel-worker_00, laravel-worker_01, laravel-worker_02, laravel-worker_03, laravel-worker_04, laravel-worker_05, laravel-worker_06, laravel-worker_07 to die
2024-06-14 08:14:11,426 INFO stopped: laravel-worker_00 (exit status 0)
2024-06-14 08:14:11,427 INFO stopped: laravel-worker_01 (exit status 0)
2024-06-14 08:14:11,427 INFO stopped: laravel-worker_02 (exit status 0)
2024-06-14 08:14:11,428 INFO stopped: laravel-worker_03 (exit status 0)
2024-06-14 08:14:11,428 INFO stopped: laravel-worker_04 (exit status 0)
2024-06-14 08:14:11,428 INFO stopped: laravel-worker_05 (exit status 0)
2024-06-14 08:14:11,428 INFO stopped: laravel-worker_06 (exit status 0)
2024-06-14 08:14:11,429 INFO stopped: laravel-worker_07 (exit status 0)
2024-06-14 08:14:13,433 INFO waiting for laravel, laravel-horizon_00 to die
2024-06-14 08:14:16,438 INFO waiting for laravel, laravel-horizon_00 to die
2024-06-14 08:14:19,442 INFO waiting for laravel, laravel-horizon_00 to die
2024-06-14 08:19:32,653 CRIT Supervisor is running as root.  Privileges were not dropped because no user is specified in the config file.  If you intend to run as root, you can set user=root in the config file to avoid this message.
2024-06-14 08:19:32,659 INFO supervisord started with pid 1
2024-06-14 08:19:33,669 INFO spawned: 'laravel' with pid 7
2024-06-14 08:19:33,674 INFO spawned: 'laravel-horizon_00' with pid 8
2024-06-14 08:19:33,677 INFO spawned: 'laravel-worker_00' with pid 9
2024-06-14 08:19:33,683 INFO spawned: 'laravel-worker_01' with pid 10
2024-06-14 08:19:33,686 INFO spawned: 'laravel-worker_02' with pid 11
2024-06-14 08:19:33,698 INFO spawned: 'laravel-worker_03' with pid 12
2024-06-14 08:19:33,702 INFO spawned: 'laravel-worker_04' with pid 13
2024-06-14 08:19:33,704 INFO spawned: 'laravel-worker_05' with pid 14
2024-06-14 08:19:33,707 INFO spawned: 'laravel-worker_06' with pid 15
2024-06-14 08:19:33,710 INFO spawned: 'laravel-worker_07' with pid 16
2024-06-14 08:19:34,967 INFO success: laravel entered RUNNING state, process has stayed up for > than 1 seconds (startsecs)
2024-06-14 08:19:34,968 INFO success: laravel-horizon_00 entered RUNNING state, process has stayed up for > than 1 seconds (startsecs)
2024-06-14 08:19:34,969 INFO success: laravel-worker_00 entered RUNNING state, process has stayed up for > than 1 seconds (startsecs)
2024-06-14 08:19:34,970 INFO success: laravel-worker_01 entered RUNNING state, process has stayed up for > than 1 seconds (startsecs)
2024-06-14 08:19:34,970 INFO success: laravel-worker_02 entered RUNNING state, process has stayed up for > than 1 seconds (startsecs)
2024-06-14 08:19:34,971 INFO success: laravel-worker_03 entered RUNNING state, process has stayed up for > than 1 seconds (startsecs)
2024-06-14 08:19:34,971 INFO success: laravel-worker_04 entered RUNNING state, process has stayed up for > than 1 seconds (startsecs)
2024-06-14 08:19:34,972 INFO success: laravel-worker_05 entered RUNNING state, process has stayed up for > than 1 seconds (startsecs)
2024-06-14 08:19:34,973 INFO success: laravel-worker_06 entered RUNNING state, process has stayed up for > than 1 seconds (startsecs)
2024-06-14 08:19:34,974 INFO success: laravel-worker_07 entered RUNNING state, process has stayed up for > than 1 seconds (startsecs)
2024-06-14 08:27:49,661 WARN received SIGTERM indicating exit request
2024-06-14 08:27:49,662 INFO waiting for laravel, laravel-horizon_00, laravel-worker_00, laravel-worker_01, laravel-worker_02, laravel-worker_03, laravel-worker_04, laravel-worker_05, laravel-worker_06, laravel-worker_07 to die
2024-06-14 08:27:49,682 INFO stopped: laravel-worker_02 (exit status 0)
2024-06-14 08:27:49,699 INFO stopped: laravel-worker_00 (exit status 0)
2024-06-14 08:27:49,700 INFO stopped: laravel-worker_01 (exit status 0)
2024-06-14 08:27:49,700 INFO stopped: laravel-worker_04 (exit status 0)
2024-06-14 08:27:49,700 INFO stopped: laravel-worker_07 (exit status 0)
2024-06-14 08:27:50,703 INFO stopped: laravel-worker_03 (exit status 0)
2024-06-14 08:27:50,704 INFO stopped: laravel-worker_05 (exit status 0)
2024-06-14 08:27:50,704 INFO stopped: laravel-worker_06 (exit status 0)
2024-06-14 08:27:52,708 INFO waiting for laravel, laravel-horizon_00 to die
2024-06-14 08:27:55,712 INFO waiting for laravel, laravel-horizon_00 to die
2024-06-14 08:27:58,717 INFO waiting for laravel, laravel-horizon_00 to die
